<?xml version="1.0" encoding="UTF-8"?>
<testng-results skipped="0" failed="0" ignored="0" total="1" passed="1">
  <reporter-output>
  </reporter-output>
  <suite name="Default suite" duration-ms="12628" started-at="2017-08-20T18:20:11Z" finished-at="2017-08-20T18:20:23Z">
    <groups>
    </groups>
    <test name="Default test" duration-ms="12628" started-at="2017-08-20T18:20:11Z" finished-at="2017-08-20T18:20:23Z">
      <class name="rijksoverheidPO.RijksoverheidNieuwsbriefPOTest">
        <test-method status="PASS" signature="beforeMethod()[pri:0, instance:rijksoverheidPO.RijksoverheidNieuwsbriefPOTest@6d8a00e3]" name="beforeMethod" is-config="true" duration-ms="3825" started-at="2017-08-20T20:20:11Z" finished-at="2017-08-20T20:20:15Z">
          <reporter-output>
          </reporter-output>
        </test-method> <!-- beforeMethod -->
        <test-method status="PASS" signature="NietSuccesvolAanmeldenNieuwsbriefRijksoverheidDoorOntbrekenEmailadres()[pri:0, instance:rijksoverheidPO.RijksoverheidNieuwsbriefPOTest@6d8a00e3]" name="NietSuccesvolAanmeldenNieuwsbriefRijksoverheidDoorOntbrekenEmailadres" duration-ms="7883" started-at="2017-08-20T20:20:15Z" finished-at="2017-08-20T20:20:23Z">
          <reporter-output>
          </reporter-output>
        </test-method> <!-- NietSuccesvolAanmeldenNieuwsbriefRijksoverheidDoorOntbrekenEmailadres -->
        <test-method status="PASS" signature="afterMethod()[pri:0, instance:rijksoverheidPO.RijksoverheidNieuwsbriefPOTest@6d8a00e3]" name="afterMethod" is-config="true" duration-ms="904" started-at="2017-08-20T20:20:23Z" finished-at="2017-08-20T20:20:23Z">
          <reporter-output>
          </reporter-output>
        </test-method> <!-- afterMethod -->
      </class> <!-- rijksoverheidPO.RijksoverheidNieuwsbriefPOTest -->
    </test> <!-- Default test -->
  </suite> <!-- Default suite -->
</testng-results>
